-----------------
Target file: /root/lab/lib/all.bash
-----------------
Item: all-fun
Old: show an overview of specific functions
New: Shows a summary of selected functions in the script, displaying their usage, shortname, and description
---
Item: all-laf
Old: cats the three lines above each function as usage,shortname,description
New: Lists all functions in a file, displaying their usage, shortname, and description. Supports truncation and line break options for better readability
---
Item: all-var
Old: show an overview of specific variables
New: Displays an overview of specific variables defined in the configuration file, showing their names, values, and usage across different files
---
Item: all-acu
Old: Counts the var occurrences from a config file in a target folder
New: Analyzes the usage of variables from a config file across a target folder, displaying variable names, values, and occurrence counts in various files
---
Item: all-ffl
Old: Recursively processes files in a directory with an function
New: Recursively processes files in a directory and its subdirectories using a specified function, allowing for additional arguments to be passed
---
Item: all-flc
Old: cats the source code of a function inside the lib folder
New: Displays the source code of a specified function from the library folder, including its description, shortname, and usage
---
Item: all-gio
Old: Manages git operations, ensuring local repository syncs with remote.
New: Manages git operations, ensuring the local repository syncs with the remote. Performs status check, pull, commit, and push operations as needed
---
Item: all-fea
Old: Adds auto-mount entries for devices to /etc/fstab using blkid.
New: Adds auto-mount entries for devices to /etc/fstab using blkid. Allows user to select a device UUID and automatically creates the appropriate fstab entry
---
Item: all-fec
Old: Adds custom entries to /etc/fstab using device UUIDs.
New: Adds custom entries to /etc/fstab using device UUIDs. Allows user to specify mount point, filesystem, mount options, and other parameters
---
Item: all-vsf
Old: Prompts the user to select a file from the current directory.
New: Prompts the user to select a file from the current directory by displaying a numbered list of files and returning the chosen filename
---
Item: all-cff
Old: Counts files in directories based on specified visibility.
New: Counts files in directories based on specified visibility (regular, hidden, or both). Displays results sorted by directory name
---
Item: all-zdb
Old: Sends ZFS snapshots from a source pool to a destination pool.
New: Creates and sends ZFS snapshots from a source pool to a destination pool. Supports initial full sends and incremental sends for efficiency
---
Item: all-duc
Old: Compares data usage between two paths up to a specified depth.
New: Compares data usage between two paths up to a specified depth. Displays results in a tabular format with color-coded differences
---
Item: all-mev
Old: Prompts the user to input or confirm a variable's value.
New: Prompts the user to input or confirm a variable's value, allowing for easy customization of script parameters
---
Item: all-nos
Old: Logs a function's execution status with a timestamp.
New: Logs a function's execution status with a timestamp, providing a simple way to track script progress and debugging information
---
Item: all-cap
Old: Appends a line to a file if it does not already exist.
New: Appends a line to a file if it does not already exist, preventing duplicate entries and providing feedback on the operation
---
Item: all-ipa
Old: Installs specified packages using a package manager.
New: Installs specified packages using the system's package manager (apt, dnf, yum, or zypper). Performs update, upgrade, and installation operations
---
Item: all-gst
Old: Configures git with a specified username and email
New: Configures git globally with a specified username and email, essential for proper commit attribution
---
Item: all-sst
Old: Installs, enables, and starts the sysstat service.
New: Installs, enables, and starts the sysstat service for system performance monitoring. Modifies the configuration to ensure it's enabled
---
Item: all-fas
Old: Allows a specified service through the firewall.
New: Allows a specified service through the firewall using firewall-cmd, making the change permanent and reloading the firewall configuration
---
Item: all-ust
Old: Creates a user with a specified username and password.
New: Creates a new user with a specified username and password, prompting for input if not provided. Verifies successful user creation
---
Item: all-sdc
Old: Enables and starts a specified systemd service.
New: Enables and starts a specified systemd service. Checks if the service is active and prompts for continuation if it's not
---
Item: all-rsf
Old: Replaces strings in files within a specified folder, optionally staged by git.
New: Replaces strings in files within a specified folder and its subfolders. If in a git repository, it stages changes and shows the diff
---
Item: all-rnf
Old: renames all files in folder and in nested folders too
New: Renames all files containing a specified string in their names, within a given folder and its subfolders
---
Item: all-use
Old: get function arguments
New: Displays the usage information, shortname, and description of the calling function, helping users understand how to use it
---
Item: all-rsd
Old: rysnc source destination
New: Performs an rsync operation from a source to a destination path. Displays files to be transferred and prompts for confirmation before proceeding
---
Item: all-cif
Old: cats all files inside a particular folder
New: Concatenates and displays the contents of all files within a specified folder, separating each file's content with a line of dashes
---
Item: all-fsr
Old: firewalld (add) service (and) reload
New: Adds a specified service to the firewalld configuration and reloads the firewall. Checks for the presence of firewall-cmd before proceeding
---
Item: all-usk
Old: This function uploads an SSH key from a device plugged in, into the /root/.ssh folder.
New: Uploads an SSH key from a plugged-in device to a specified folder (default: /root/.ssh). Handles mounting, file copying, and unmounting of the device
---
Item: all-spi
Old: append a private SSH key identifier to a config inside .ssh
New: Appends a private SSH key identifier to the SSH config file for a specified user. Creates the .ssh directory and config file if they don't exist
---
Item: all-aak
Old: append a public SSH key content to authorized_keys
New: Appends the content of a specified public SSH key file to the authorized_keys file. Prompts for confirmation and restarts the SSH service
---
Item: all-loi
Old: Loop a specified operation through an specific range of ips
New: Loops a specified SSH operation (bypass StrictHostKeyChecking or refresh known_hosts) through a range of IPs defined in the configuration
---
Item: all-sca
Old: Resolves custom ssh aliases with the help of all.conf
New: Resolves custom SSH aliases using the configuration file. Supports connecting to single or multiple servers, executing commands remotely
---
Item: all-swt
Old: rctwake wrapper
New: Schedules a system wake-up using rtcwake. Supports absolute or relative time input, different sleep states (mem/disk), and logs operations
---
-----------------
2024-09-15 16:13:16 - Replacement process completed.
-----------------
-----------------
Target file: /root/lab/lib/nfs.bash
-----------------
Item: nfs-fun
Old: show an overview of specific functions
New: Displays an overview of specific NFS-related functions in the script, showing their usage, shortname, and description
---
Item: nfs-var
Old: show an overview of specific variables
New: Displays an overview of NFS-specific variables defined in the configuration file, showing their names, values, and usage across different files
---
Item: nfs-set
Old: Unified function to set up NFS
New: Sets up an NFS share by prompting for necessary information (NFS header, shared folder, and options) and applying the configuration
---
Item: nfs-apl
Old: Helper script for NFS setup.
New: Applies NFS configuration by creating the shared folder if needed, updating /etc/exports, and restarting the NFS server
---
-----------------
2024-09-15 16:25:58 - Replacement process completed.
-----------------
